[0.757s] Invoking command in '/home/samiel/Spaces/ros2_ws/src/my_robot_controller': PYTHONPATH=/home/samiel/Spaces/ros2_ws/build/my_robot_controller/prefix_override:/home/samiel/Spaces/ros2_ws/install/my_robot_controller/lib/python3.10/site-packages:${PYTHONPATH} /usr/bin/python3 setup.py egg_info --egg-base ../../build/my_robot_controller build --build-base /home/samiel/Spaces/ros2_ws/build/my_robot_controller/build install --record /home/samiel/Spaces/ros2_ws/build/my_robot_controller/install.log --single-version-externally-managed
[1.006s] running egg_info
[1.007s] writing ../../build/my_robot_controller/my_robot_controller.egg-info/PKG-INFO
[1.007s] writing dependency_links to ../../build/my_robot_controller/my_robot_controller.egg-info/dependency_links.txt
[1.008s] writing entry points to ../../build/my_robot_controller/my_robot_controller.egg-info/entry_points.txt
[1.008s] writing requirements to ../../build/my_robot_controller/my_robot_controller.egg-info/requires.txt
[1.008s] writing top-level names to ../../build/my_robot_controller/my_robot_controller.egg-info/top_level.txt
[1.010s] reading manifest file '../../build/my_robot_controller/my_robot_controller.egg-info/SOURCES.txt'
[1.010s] writing manifest file '../../build/my_robot_controller/my_robot_controller.egg-info/SOURCES.txt'
[1.010s] running build
[1.011s] running build_py
[1.011s] copying my_robot_controller/first_node.py -> /home/samiel/Spaces/ros2_ws/build/my_robot_controller/build/lib/my_robot_controller
[1.011s] running install
[1.011s] running install_lib
[1.012s] copying /home/samiel/Spaces/ros2_ws/build/my_robot_controller/build/lib/my_robot_controller/first_node.py -> /home/samiel/Spaces/ros2_ws/install/my_robot_controller/lib/python3.10/site-packages/my_robot_controller
[1.013s] byte-compiling /home/samiel/Spaces/ros2_ws/install/my_robot_controller/lib/python3.10/site-packages/my_robot_controller/first_node.py to first_node.cpython-310.pyc
[1.013s] running install_data
[1.014s] running install_egg_info
[1.015s] removing '/home/samiel/Spaces/ros2_ws/install/my_robot_controller/lib/python3.10/site-packages/my_robot_controller-0.0.0-py3.10.egg-info' (and everything under it)
[1.015s] Copying ../../build/my_robot_controller/my_robot_controller.egg-info to /home/samiel/Spaces/ros2_ws/install/my_robot_controller/lib/python3.10/site-packages/my_robot_controller-0.0.0-py3.10.egg-info
[1.016s] running install_scripts
[1.036s] Installing test_node script to /home/samiel/Spaces/ros2_ws/install/my_robot_controller/lib/my_robot_controller
[1.036s] writing list of installed files to '/home/samiel/Spaces/ros2_ws/build/my_robot_controller/install.log'
[1.072s] Invoked command in '/home/samiel/Spaces/ros2_ws/src/my_robot_controller' returned '0': PYTHONPATH=/home/samiel/Spaces/ros2_ws/build/my_robot_controller/prefix_override:/home/samiel/Spaces/ros2_ws/install/my_robot_controller/lib/python3.10/site-packages:${PYTHONPATH} /usr/bin/python3 setup.py egg_info --egg-base ../../build/my_robot_controller build --build-base /home/samiel/Spaces/ros2_ws/build/my_robot_controller/build install --record /home/samiel/Spaces/ros2_ws/build/my_robot_controller/install.log --single-version-externally-managed
