[0.789s] Invoking command in '/home/samiel/Spaces/ros2_ws/src/my_robot_controller': PYTHONPATH=/home/samiel/Spaces/ros2_ws/build/my_robot_controller/prefix_override:/home/samiel/Spaces/ros2_ws/install/my_robot_controller/lib/python3.10/site-packages:${PYTHONPATH} /usr/bin/python3 setup.py egg_info --egg-base ../../build/my_robot_controller build --build-base /home/samiel/Spaces/ros2_ws/build/my_robot_controller/build install --record /home/samiel/Spaces/ros2_ws/build/my_robot_controller/install.log --single-version-externally-managed
[1.030s] running egg_info
[1.031s] writing ../../build/my_robot_controller/my_robot_controller.egg-info/PKG-INFO
[1.031s] writing dependency_links to ../../build/my_robot_controller/my_robot_controller.egg-info/dependency_links.txt
[1.031s] writing entry points to ../../build/my_robot_controller/my_robot_controller.egg-info/entry_points.txt
[1.031s] writing requirements to ../../build/my_robot_controller/my_robot_controller.egg-info/requires.txt
[1.031s] writing top-level names to ../../build/my_robot_controller/my_robot_controller.egg-info/top_level.txt
[1.033s] reading manifest file '../../build/my_robot_controller/my_robot_controller.egg-info/SOURCES.txt'
[1.034s] writing manifest file '../../build/my_robot_controller/my_robot_controller.egg-info/SOURCES.txt'
[1.034s] running build
[1.034s] running build_py
[1.035s] copying my_robot_controller/draw_circle.py -> /home/samiel/Spaces/ros2_ws/build/my_robot_controller/build/lib/my_robot_controller
[1.035s] running install
[1.035s] running install_lib
[1.037s] copying /home/samiel/Spaces/ros2_ws/build/my_robot_controller/build/lib/my_robot_controller/draw_circle.py -> /home/samiel/Spaces/ros2_ws/install/my_robot_controller/lib/python3.10/site-packages/my_robot_controller
[1.037s] byte-compiling /home/samiel/Spaces/ros2_ws/install/my_robot_controller/lib/python3.10/site-packages/my_robot_controller/draw_circle.py to draw_circle.cpython-310.pyc
[1.038s] running install_data
[1.039s] copying package.xml -> /home/samiel/Spaces/ros2_ws/install/my_robot_controller/share/my_robot_controller
[1.039s] running install_egg_info
[1.041s] removing '/home/samiel/Spaces/ros2_ws/install/my_robot_controller/lib/python3.10/site-packages/my_robot_controller-0.0.0-py3.10.egg-info' (and everything under it)
[1.042s] Copying ../../build/my_robot_controller/my_robot_controller.egg-info to /home/samiel/Spaces/ros2_ws/install/my_robot_controller/lib/python3.10/site-packages/my_robot_controller-0.0.0-py3.10.egg-info
[1.043s] running install_scripts
[1.064s] Installing draw_circle script to /home/samiel/Spaces/ros2_ws/install/my_robot_controller/lib/my_robot_controller
[1.064s] Installing test_node script to /home/samiel/Spaces/ros2_ws/install/my_robot_controller/lib/my_robot_controller
[1.064s] writing list of installed files to '/home/samiel/Spaces/ros2_ws/build/my_robot_controller/install.log'
[1.097s] Invoked command in '/home/samiel/Spaces/ros2_ws/src/my_robot_controller' returned '0': PYTHONPATH=/home/samiel/Spaces/ros2_ws/build/my_robot_controller/prefix_override:/home/samiel/Spaces/ros2_ws/install/my_robot_controller/lib/python3.10/site-packages:${PYTHONPATH} /usr/bin/python3 setup.py egg_info --egg-base ../../build/my_robot_controller build --build-base /home/samiel/Spaces/ros2_ws/build/my_robot_controller/build install --record /home/samiel/Spaces/ros2_ws/build/my_robot_controller/install.log --single-version-externally-managed
