[0.748s] Invoking command in '/home/samiel/Spaces/ros2_ws/src/my_robot_controller': PYTHONPATH=/home/samiel/Spaces/ros2_ws/build/my_robot_controller/prefix_override:/home/samiel/Spaces/ros2_ws/install/my_robot_controller/lib/python3.10/site-packages:${PYTHONPATH} /usr/bin/python3 setup.py egg_info --egg-base ../../build/my_robot_controller build --build-base /home/samiel/Spaces/ros2_ws/build/my_robot_controller/build install --record /home/samiel/Spaces/ros2_ws/build/my_robot_controller/install.log --single-version-externally-managed
[0.967s] running egg_info
[0.967s] creating ../../build/my_robot_controller/my_robot_controller.egg-info
[0.967s] writing ../../build/my_robot_controller/my_robot_controller.egg-info/PKG-INFO
[0.968s] writing dependency_links to ../../build/my_robot_controller/my_robot_controller.egg-info/dependency_links.txt
[0.968s] writing entry points to ../../build/my_robot_controller/my_robot_controller.egg-info/entry_points.txt
[0.968s] writing requirements to ../../build/my_robot_controller/my_robot_controller.egg-info/requires.txt
[0.968s] writing top-level names to ../../build/my_robot_controller/my_robot_controller.egg-info/top_level.txt
[0.968s] writing manifest file '../../build/my_robot_controller/my_robot_controller.egg-info/SOURCES.txt'
[0.970s] reading manifest file '../../build/my_robot_controller/my_robot_controller.egg-info/SOURCES.txt'
[0.970s] writing manifest file '../../build/my_robot_controller/my_robot_controller.egg-info/SOURCES.txt'
[0.970s] running build
[0.971s] running build_py
[0.971s] creating /home/samiel/Spaces/ros2_ws/build/my_robot_controller/build
[0.971s] creating /home/samiel/Spaces/ros2_ws/build/my_robot_controller/build/lib
[0.971s] creating /home/samiel/Spaces/ros2_ws/build/my_robot_controller/build/lib/my_robot_controller
[0.971s] copying my_robot_controller/__init__.py -> /home/samiel/Spaces/ros2_ws/build/my_robot_controller/build/lib/my_robot_controller
[0.972s] running install
[0.974s] /usr/lib/python3/dist-packages/setuptools/command/install.py:34: SetuptoolsDeprecationWarning: setup.py install is deprecated. Use build and pip and other standards-based tools.
[0.974s]   warnings.warn(
[0.974s] running install_lib
[0.975s] creating /home/samiel/Spaces/ros2_ws/install/my_robot_controller/lib/python3.10/site-packages/my_robot_controller
[0.975s] copying /home/samiel/Spaces/ros2_ws/build/my_robot_controller/build/lib/my_robot_controller/__init__.py -> /home/samiel/Spaces/ros2_ws/install/my_robot_controller/lib/python3.10/site-packages/my_robot_controller
[0.976s] byte-compiling /home/samiel/Spaces/ros2_ws/install/my_robot_controller/lib/python3.10/site-packages/my_robot_controller/__init__.py to __init__.cpython-310.pyc
[0.976s] running install_data
[0.976s] creating /home/samiel/Spaces/ros2_ws/install/my_robot_controller/share/ament_index
[0.977s] creating /home/samiel/Spaces/ros2_ws/install/my_robot_controller/share/ament_index/resource_index
[0.977s] creating /home/samiel/Spaces/ros2_ws/install/my_robot_controller/share/ament_index/resource_index/packages
[0.977s] copying resource/my_robot_controller -> /home/samiel/Spaces/ros2_ws/install/my_robot_controller/share/ament_index/resource_index/packages
[0.977s] copying package.xml -> /home/samiel/Spaces/ros2_ws/install/my_robot_controller/share/my_robot_controller
[0.977s] running install_egg_info
[0.979s] Copying ../../build/my_robot_controller/my_robot_controller.egg-info to /home/samiel/Spaces/ros2_ws/install/my_robot_controller/lib/python3.10/site-packages/my_robot_controller-0.0.0-py3.10.egg-info
[0.980s] running install_scripts
[1.000s] writing list of installed files to '/home/samiel/Spaces/ros2_ws/build/my_robot_controller/install.log'
[1.029s] Invoked command in '/home/samiel/Spaces/ros2_ws/src/my_robot_controller' returned '0': PYTHONPATH=/home/samiel/Spaces/ros2_ws/build/my_robot_controller/prefix_override:/home/samiel/Spaces/ros2_ws/install/my_robot_controller/lib/python3.10/site-packages:${PYTHONPATH} /usr/bin/python3 setup.py egg_info --egg-base ../../build/my_robot_controller build --build-base /home/samiel/Spaces/ros2_ws/build/my_robot_controller/build install --record /home/samiel/Spaces/ros2_ws/build/my_robot_controller/install.log --single-version-externally-managed
